<?xml version="1.0" encoding="UTF-8"?>
<!--
/*
 * OpenWMS, the Open Warehouse Management System
 * 
 * Distributable under LGPL license.
 * See terms of license at gnu.org.
 */
-->
<beans xmlns="http://www.springframework.org/schema/beans"
	xmlns:xsi="http://www.w3.org/2001/XMLSchema-instance" xmlns:p="http://www.springframework.org/schema/p"
	xmlns:context="http://www.springframework.org/schema/context" xmlns:tx="http://www.springframework.org/schema/tx"
	xmlns:aop="http://www.springframework.org/schema/aop"
	xsi:schemaLocation="http://www.springframework.org/schema/beans http://www.springframework.org/schema/beans/spring-beans-2.5.xsd
		http://www.springframework.org/schema/context http://www.springframework.org/schema/context/spring-context-2.5.xsd
		http://www.springframework.org/schema/tx http://www.springframework.org/schema/tx/spring-tx-2.5.xsd
		http://www.springframework.org/schema/aop http://www.springframework.org/schema/aop/spring-aop-2.5.xsd">

	<context:property-placeholder location="classpath:jdbc.test.properties" />
	<tx:annotation-driven transaction-manager="transactionManager" />
	<context:annotation-config />
	<aop:aspectj-autoproxy />

	<!-- HSQL Database Server -->
	<bean id="hsqlDbServer" class="org.openwms.common.HsqlDBWrapper"
		p:url="${jdbc.test.url}" p:username="${jdbc.test.username}" p:password="${jdbc.test.password}"
		p:persistenceUnit="${jdbc.test.persistenceUnit}" />

	<!-- Datasource -->
	<bean id="dataSource"
		class="org.springframework.jdbc.datasource.DriverManagerDataSource"
		p:driverClassName="${jdbc.test.driverClassName}" p:url="${jdbc.test.url}"
		p:username="${jdbc.test.username}" p:password="${jdbc.test.password}"
		depends-on="hsqlDbServer" />

	<!-- Entity Manager -->
	<bean id="entityManagerFactory"
		class="org.springframework.orm.jpa.LocalContainerEntityManagerFactoryBean">
		<property name="persistenceUnitName" value="${jdbc.test.persistenceUnit}" />
	</bean>

	<!-- Transaction Manager -->
	<bean id="transactionManager" class="org.springframework.orm.jpa.JpaTransactionManager"
		p:entityManagerFactory-ref="entityManagerFactory" />

	<bean id="databaseConnection" class="org.dbunit.database.DatabaseDataSourceConnection">
		<constructor-arg ref="dataSource" />
	</bean>

	<bean
		class="org.springframework.dao.annotation.PersistenceExceptionTranslationPostProcessor" />
	<bean
		class="org.springframework.orm.jpa.support.PersistenceAnnotationBeanPostProcessor" />


</beans>
