<?xml version="1.0" encoding="UTF-8"?>
<!--
/*
 * openwms.org, the Open Warehouse Management System.
 *
 * This file is part of openwms.org.
 *
 * openwms.org is free software: you can redistribute it and/or modify
 * it under the terms of the GNU Lesser General Public License as 
 * published by the Free Software Foundation, either version 3 of the
 * License, or (at your option) any later version.
 *
 * openwms.org is distributed in the hope that it will be useful,
 * but WITHOUT ANY WARRANTY; without even the implied warranty of
 * MERCHANTABILITY or FITNESS FOR A PARTICULAR PURPOSE.  See the
 * GNU Lesser General Public License for more details.
 *
 * You should have received a copy of the GNU Lesser General Public
 * License along with this software. If not, write to the Free
 * Software Foundation, Inc., 51 Franklin St, Fifth Floor, Boston, MA
 * 02110-1301 USA, or see the FSF site: http://www.fsf.org.
 */  
-->
<beans xmlns="http://www.springframework.org/schema/beans" xmlns:xsi="http://www.w3.org/2001/XMLSchema-instance"
    xmlns:context="http://www.springframework.org/schema/context" xmlns:tx="http://www.springframework.org/schema/tx"
    xmlns:osgix="http://www.springframework.org/schema/osgi-compendium"
    xmlns:oxm="http://www.springframework.org/schema/oxm"
    xmlns:util="http://www.springframework.org/schema/util"
    xsi:schemaLocation="http://www.springframework.org/schema/osgi http://www.springframework.org/schema/osgi/spring-osgi-1.2.xsd
		http://www.springframework.org/schema/osgi-compendium http://www.springframework.org/schema/osgi-compendium/spring-osgi-compendium-1.2.xsd
		http://www.springframework.org/schema/beans http://www.springframework.org/schema/beans/spring-beans-3.0.xsd
		http://www.springframework.org/schema/tx http://www.springframework.org/schema/tx/spring-tx-3.0.xsd
		http://www.springframework.org/schema/context http://www.springframework.org/schema/context/spring-context-3.0.xsd
        http://www.springframework.org/schema/oxm http://www.springframework.org/schema/oxm/spring-oxm-3.0.xsd
        http://www.springframework.org/schema/util http://www.springframework.org/schema/util/spring-util-3.0.xsd" default-lazy-init="true">

    <!--
    Note that the instantiation of beans is set to lazy, to avoid BeanInstationExceptions when some of the delegates
    are not present during test run.
    -->
    <context:component-scan base-package="org.openwms.core" />
    
    <import resource="classpath:META-INF/spring/aop-context.xml"/>
    
    <util:properties id="appProps" location="classpath:/org/openwms/core/service/spring/preferences.properties" />
    <oxm:jaxb2-marshaller id="preferencesUnmarshaller" contextPath="org.openwms.core.domain.preferences:org.openwms.core.domain.system.usermanagement"/>
    
    <util:properties id="globals">
        <prop key="system.user">OPENWMS</prop>
        <prop key="system.password">OPENWMS</prop>
    </util:properties>

    <bean id="passwordEncoder" class="org.springframework.security.authentication.encoding.ShaPasswordEncoder" />
    <bean id="saltSource" class="org.springframework.security.authentication.dao.ReflectionSaltSource">
        <property name="userPropertyToUse" value="username" />
    </bean>
    
</beans>
