<?xml version="1.0" encoding="UTF-8"?>
<beans xmlns="http://www.springframework.org/schema/beans" xmlns:xsi="http://www.w3.org/2001/XMLSchema-instance"
	xmlns:context="http://www.springframework.org/schema/context" xmlns:tx="http://www.springframework.org/schema/tx"
	xsi:schemaLocation="http://www.springframework.org/schema/beans http://www.springframework.org/schema/beans/spring-beans.xsd
		http://www.springframework.org/schema/context http://www.springframework.org/schema/context/spring-context-2.5.xsd
		http://www.springframework.org/schema/tx http://www.springframework.org/schema/tx/spring-tx-2.5.xsd">

	<bean id="hsqlDbServer" class="org.openwms.common.HsqlDBWrapper">
		<property name="url" value="jdbc:hsqldb:mem:openwms" />
		<property name="username" value="sa" />
		<property name="password" value="" />
	</bean>

	<bean id="entityManagerFactoryBean" class="org.springframework.orm.jpa.LocalEntityManagerFactoryBean"
		depends-on="hsqlDbServer">
		<property name="persistenceUnitName" value="OpenWMS-test" />
	</bean>

	<bean id="transactionManager" class="org.springframework.orm.jpa.JpaTransactionManager">
		<property name="entityManagerFactory" ref="entityManagerFactoryBean" />
	</bean>

	<bean id="dataSource" class="org.springframework.jdbc.datasource.DriverManagerDataSource"
		depends-on="hsqlDbServer">
		<property name="driverClassName" value="org.hsqldb.jdbcDriver" />
		<property name="url" value="jdbc:hsqldb:mem:openwms" />
		<property name="username" value="sa" />
		<property name="password" value="" />
	</bean>

	<bean id="databaseConnection" class="org.dbunit.database.DatabaseDataSourceConnection">
		<constructor-arg ref="dataSource" />
	</bean>

	<bean class="org.springframework.dao.annotation.PersistenceExceptionTranslationPostProcessor" />
	<bean class="org.springframework.orm.jpa.support.PersistenceAnnotationBeanPostProcessor" />

	<tx:annotation-driven />
	<context:annotation-config />
</beans>
