<?xml version="1.0" encoding="UTF-8"?>
<beans xmlns="http://www.springframework.org/schema/beans" xmlns:xsi="http://www.w3.org/2001/XMLSchema-instance"
	xmlns:context="http://www.springframework.org/schema/context" xmlns:tx="http://www.springframework.org/schema/tx"
	xsi:schemaLocation="http://www.springframework.org/schema/beans http://www.springframework.org/schema/beans/spring-beans.xsd
		http://www.springframework.org/schema/context http://www.springframework.org/schema/context/spring-context-2.5.xsd
		http://www.springframework.org/schema/tx http://www.springframework.org/schema/tx/spring-tx-2.5.xsd">

	<bean class="org.springframework.orm.jpa.LocalEntityManagerFactoryBean" id="entityManagerFactoryBean">
		<property name="persistenceUnitName" value="OpenWMS-test-durable" />
	</bean>

	<bean class="org.springframework.orm.jpa.JpaTransactionManager" id="transactionManager">
		<property name="entityManagerFactory" ref="entityManagerFactoryBean" />
	</bean>

	<bean class="org.springframework.jdbc.datasource.DriverManagerDataSource" id="dataSource">
		<property name="driverClassName" value="org.postgresql.Driver" />
		<property name="url" value="jdbc:postgresql:OPENWMSDB" />
		<property name="username" value="OPENWMS" />
		<property name="password" value="OPENWMS" />
	</bean>

	<bean class="org.dbunit.database.DatabaseDataSourceConnection" id="databaseConnection">
		<constructor-arg ref="dataSource" />
	</bean>

	<bean class="org.springframework.dao.annotation.PersistenceExceptionTranslationPostProcessor" />

	<bean class="org.springframework.orm.jpa.support.PersistenceAnnotationBeanPostProcessor" />



	<tx:annotation-driven />
	<context:annotation-config />
</beans>
