<?xml version="1.0" encoding="UTF-8"?>
<beans xmlns="http://www.springframework.org/schema/beans" xmlns:xsi="http://www.w3.org/2001/XMLSchema-instance" xmlns:tx="http://www.springframework.org/schema/tx"
	xsi:schemaLocation="http://www.springframework.org/schema/beans http://www.springframework.org/schema/beans/spring-beans.xsd http://www.springframework.org/schema/tx http://www.springframework.org/schema/tx/spring-tx-2.0.xsd">

	<bean class="org.springframework.orm.jpa.LocalEntityManagerFactoryBean" id="entityManagerFactoryBean">
		<property name="persistenceUnitName" value="OpenWMS-test-durable" />
	</bean>

<tx:annotation-driven/>
</beans>
