<?xml version="1.0" encoding="UTF-8"?>
<!--
/*
 * openwms.org, the Open Warehouse Management System.
 *
 * This file is part of openwms.org.
 *
 * openwms.org is free software: you can redistribute it and/or modify
 * it under the terms of the GNU Lesser General Public License as 
 * published by the Free Software Foundation, either version 3 of the
 * License, or (at your option) any later version.
 *
 * openwms.org is distributed in the hope that it will be useful,
 * but WITHOUT ANY WARRANTY; without even the implied warranty of
 * MERCHANTABILITY or FITNESS FOR A PARTICULAR PURPOSE.  See the
 * GNU Lesser General Public License for more details.
 *
 * You should have received a copy of the GNU Lesser General Public
 * License along with this software. If not, write to the Free
 * Software Foundation, Inc., 51 Franklin St, Fifth Floor, Boston, MA
 * 02110-1301 USA, or see the FSF site: http://www.fsf.org.
 */  
-->
<beans xmlns="http://www.springframework.org/schema/beans" xmlns:xsi="http://www.w3.org/2001/XMLSchema-instance"
    xmlns:context="http://www.springframework.org/schema/context" xmlns:tx="http://www.springframework.org/schema/tx"
    xmlns:aop="http://www.springframework.org/schema/aop"
    xsi:schemaLocation="http://www.springframework.org/schema/aop http://www.springframework.org/schema/aop/spring-aop-3.0.xsd
		http://www.springframework.org/schema/beans http://www.springframework.org/schema/beans/spring-beans-3.0.xsd
		http://www.springframework.org/schema/tx http://www.springframework.org/schema/tx/spring-tx-3.0.xsd
		http://www.springframework.org/schema/context http://www.springframework.org/schema/context/spring-context-3.0.xsd">

    <context:property-placeholder location="classpath:jdbc.test.properties" />
    <context:annotation-config />
    <context:component-scan base-package="org.openwms" />
    <tx:annotation-driven />
    <!-- TODO [scherrer]: Is this necessary? Test! -->
    <aop:aspectj-autoproxy />

    <!-- Datasource -->
    <bean id="dataSource" class="org.springframework.jdbc.datasource.DriverManagerDataSource">
        <property name="driverClassName" value="${jdbc.test.driverClassName}" />
        <property name="url" value="${jdbc.test.url}" />
        <property name="username" value="${jdbc.test.username}" />
        <property name="password" value="${jdbc.test.password}" />
    </bean>

    <!-- Entity Manager -->
    <bean id="entityManagerFactory" class="org.springframework.orm.jpa.LocalContainerEntityManagerFactoryBean">
        <property name="persistenceUnitName" value="${jdbc.test.persistenceUnit}" />
        <property name="dataSource" ref="dataSource" />
        <property name="jpaVendorAdapter">
            <bean class="org.springframework.orm.jpa.vendor.HibernateJpaVendorAdapter">
                <property name="databasePlatform" value="${jdbc.test.dialect}" />
                <property name="showSql" value="false" />
                <property name="generateDdl" value="true" />
            </bean>
        </property>
    </bean>

    <!-- Transaction Manager -->
    <bean id="transactionManager" class="org.springframework.orm.jpa.JpaTransactionManager">
        <property name="entityManagerFactory" ref="entityManagerFactory" />
        <property name="dataSource" ref="dataSource" />
    </bean>

    <bean class="org.springframework.dao.annotation.PersistenceExceptionTranslationPostProcessor" />
    <bean class="org.springframework.orm.jpa.support.PersistenceAnnotationBeanPostProcessor" />

</beans>
