<?xml version="1.0" encoding="UTF-8"?>
<!--
/*
 * openwms.org, the Open Warehouse Management System.
 *
 * This file is part of openwms.org.
 *
 * openwms.org is free software: you can redistribute it and/or modify
 * it under the terms of the GNU Lesser General Public License as 
 * published by the Free Software Foundation, either version 3 of the
 * License, or (at your option) any later version.
 *
 * openwms.org is distributed in the hope that it will be useful,
 * but WITHOUT ANY WARRANTY; without even the implied warranty of
 * MERCHANTABILITY or FITNESS FOR A PARTICULAR PURPOSE.  See the
 * GNU Lesser General Public License for more details.
 *
 * You should have received a copy of the GNU Lesser General Public
 * License along with this software. If not, write to the Free
 * Software Foundation, Inc., 51 Franklin St, Fifth Floor, Boston, MA
 * 02110-1301 USA, or see the FSF site: http://www.fsf.org.
 */  
-->
<beans xmlns="http://www.springframework.org/schema/beans" xmlns:xsi="http://www.w3.org/2001/XMLSchema-instance"
    xmlns:context="http://www.springframework.org/schema/context" xmlns:tx="http://www.springframework.org/schema/tx"
    xmlns:aop="http://www.springframework.org/schema/aop"
    xsi:schemaLocation="http://www.springframework.org/schema/aop http://www.springframework.org/schema/aop/spring-aop.xsd
		http://www.springframework.org/schema/beans http://www.springframework.org/schema/beans/spring-beans.xsd
		http://www.springframework.org/schema/tx http://www.springframework.org/schema/tx/spring-tx.xsd
		http://www.springframework.org/schema/context http://www.springframework.org/schema/context/spring-context.xsd">

    <context:property-placeholder location="classpath:jdbc.test.properties" />
    <context:annotation-config />
    <tx:annotation-driven  />
    <!-- TODO [scherrer]: Is this necessary? Test! -->
    <aop:aspectj-autoproxy />

    <!-- Test Datasource -->
    <bean id="dataSource2" class="org.springframework.jdbc.datasource.DriverManagerDataSource">
        <property name="driverClassName" value="${jdbc.test.driverClassName}" />
        <property name="url" value="${jdbc.test.url}" />
        <property name="username" value="${jdbc.test.username}" />
        <property name="password" value="${jdbc.test.password}" />
    </bean>

    <bean id="testDataSource" class="org.apache.commons.dbcp.BasicDataSource" init-method="createDataSource"
        destroy-method="close">
        <property name="driverClassName" value="${jdbc.test.driverClassName}" />
        <property name="url" value="${jdbc.test.url}" />
        <property name="username" value="${jdbc.test.username}" />
        <property name="password" value="${jdbc.test.password}" />
        <!-- Due to an incompatibility with PostgreSQL 8 and Hibernate turn of autocommit of the pool -->
        <property name="defaultAutoCommit" value="false" />
    </bean>

    <!-- Test Entity Manager -->
    <bean id="entityManagerFactory" class="org.springframework.orm.jpa.LocalContainerEntityManagerFactoryBean">
        <property name="persistenceUnitName" value="${jdbc.test.persistenceUnit}" />
        <property name="dataSource" ref="testDataSource" />
        <property name="jpaVendorAdapter">
            <bean class="org.springframework.orm.jpa.vendor.HibernateJpaVendorAdapter">
                <property name="database" value="${jdbc.test.database}" />
                <property name="databasePlatform" value="${jdbc.test.dialect}" />
                <property name="showSql" value="${jdbc.test.showSql}" />
            </bean>
        </property>
        <property name="jpaProperties">
            <props>
                <prop key="hibernate.format_sql">true</prop>
                <prop key="hibernate.cache.use_query_cache">false</prop>
                <prop key="hibernate.hbm2ddl.auto">create-drop</prop>
                <!-- prop key="hibernate.default_schema">PUBLIC</prop-->
            </props>
        </property>
    </bean>

    <!-- Test Transaction Manager -->
    <bean id="transactionManager" class="org.springframework.orm.jpa.JpaTransactionManager">
        <property name="entityManagerFactory" ref="entityManagerFactory" />
        <property name="dataSource" ref="testDataSource" />
    </bean>

    <bean class="org.springframework.dao.annotation.PersistenceExceptionTranslationPostProcessor" />
    <bean class="org.springframework.orm.jpa.support.PersistenceAnnotationBeanPostProcessor" />

</beans>